This file contains any messages produced by compilers while
running configure, to aid debugging if configure makes a mistake.

It was created by FULL-PACKAGE-NAME configure VERSION, which was
generated by GNU Autoconf 2.59.  Invocation command line was

  $ ./configure 

## --------- ##
## Platform. ##
## --------- ##

hostname = celine
uname -m = x86_64
uname -r = 4.15.0-29-generic
uname -s = Linux
uname -v = #31-Ubuntu SMP Tue Jul 17 15:39:52 UTC 2018

/usr/bin/uname -p = unknown
/bin/uname -X     = unknown

/bin/arch              = unknown
/usr/bin/arch -k       = unknown
/usr/convex/getsysinfo = unknown
hostinfo               = unknown
/bin/machine           = unknown
/usr/bin/oslevel       = unknown
/bin/universe          = unknown

PATH: /usr/local/sbin
PATH: /usr/local/bin
PATH: /usr/sbin
PATH: /usr/bin
PATH: /sbin
PATH: /bin
PATH: /usr/games
PATH: /usr/local/games
PATH: /snap/bin


## ----------- ##
## Core tests. ##
## ----------- ##

configure:1375: checking for g++
configure:1391: found /usr/bin/g++
configure:1401: result: g++
configure:1417: checking for C++ compiler version
configure:1420: g++ --version </dev/null >&5
g++ (Ubuntu 7.3.0-16ubuntu3) 7.3.0
Copyright (C) 2017 Free Software Foundation, Inc.
This is free software; see the source for copying conditions.  There is NO
warranty; not even for MERCHANTABILITY or FITNESS FOR A PARTICULAR PURPOSE.

configure:1423: $? = 0
configure:1425: g++ -v </dev/null >&5
Using built-in specs.
COLLECT_GCC=g++
COLLECT_LTO_WRAPPER=/usr/lib/gcc/x86_64-linux-gnu/7/lto-wrapper
OFFLOAD_TARGET_NAMES=nvptx-none
OFFLOAD_TARGET_DEFAULT=1
Target: x86_64-linux-gnu
Configured with: ../src/configure -v --with-pkgversion='Ubuntu 7.3.0-16ubuntu3' --with-bugurl=file:///usr/share/doc/gcc-7/README.Bugs --enable-languages=c,ada,c++,go,brig,d,fortran,objc,obj-c++ --prefix=/usr --with-gcc-major-version-only --with-as=/usr/bin/x86_64-linux-gnu-as --with-ld=/usr/bin/x86_64-linux-gnu-ld --program-suffix=-7 --program-prefix=x86_64-linux-gnu- --enable-shared --enable-linker-build-id --libexecdir=/usr/lib --without-included-gettext --enable-threads=posix --libdir=/usr/lib --enable-nls --with-sysroot=/ --enable-clocale=gnu --enable-libstdcxx-debug --enable-libstdcxx-time=yes --with-default-libstdcxx-abi=new --enable-gnu-unique-object --disable-vtable-verify --enable-libmpx --enable-plugin --enable-default-pie --with-system-zlib --with-target-system-zlib --enable-objc-gc=auto --enable-multiarch --disable-werror --with-arch-32=i686 --with-abi=m64 --with-multilib-list=m32,m64,mx32 --enable-multilib --with-tune=generic --enable-offload-targets=nvptx-none --without-cuda-driver --enable-checking=release --build=x86_64-linux-gnu --host=x86_64-linux-gnu --target=x86_64-linux-gnu
Thread model: posix
gcc version 7.3.0 (Ubuntu 7.3.0-16ubuntu3) 
configure:1428: $? = 0
configure:1430: g++ -V </dev/null >&5
g++: error: unrecognized command line option '-V'
g++: fatal error: no input files
compilation terminated.
configure:1433: $? = 1
configure:1456: checking for C++ compiler default output file name
configure:1459: g++    conftest.cc  >&5
configure:1462: $? = 0
configure:1508: result: a.out
configure:1513: checking whether the C++ compiler works
configure:1519: ./a.out
configure:1522: $? = 0
configure:1539: result: yes
configure:1546: checking whether we are cross compiling
configure:1548: result: no
configure:1551: checking for suffix of executables
configure:1553: g++ -o conftest    conftest.cc  >&5
configure:1556: $? = 0
configure:1581: result: 
configure:1587: checking for suffix of object files
configure:1608: g++ -c   conftest.cc >&5
configure:1611: $? = 0
configure:1633: result: o
configure:1637: checking whether we are using the GNU C++ compiler
configure:1661: g++ -c   conftest.cc >&5
configure:1667: $? = 0
configure:1670: test -z 			 || test ! -s conftest.err
configure:1673: $? = 0
configure:1676: test -s conftest.o
configure:1679: $? = 0
configure:1692: result: yes
configure:1698: checking whether g++ accepts -g
configure:1719: g++ -c -g  conftest.cc >&5
configure:1725: $? = 0
configure:1728: test -z 			 || test ! -s conftest.err
configure:1731: $? = 0
configure:1734: test -s conftest.o
configure:1737: $? = 0
configure:1748: result: yes
configure:1790: g++ -c -g -O2  conftest.cc >&5
configure:1796: $? = 0
configure:1799: test -z 			 || test ! -s conftest.err
configure:1802: $? = 0
configure:1805: test -s conftest.o
configure:1808: $? = 0
configure:1834: g++ -c -g -O2  conftest.cc >&5
conftest.cc: In function 'int main()':
conftest.cc:13:1: error: 'exit' was not declared in this scope
 exit (42);
 ^~~~
configure:1840: $? = 1
configure: failed program was:
| /* confdefs.h.  */
| 
| #define PACKAGE_NAME "FULL-PACKAGE-NAME"
| #define PACKAGE_TARNAME "full-package-name"
| #define PACKAGE_VERSION "VERSION"
| #define PACKAGE_STRING "FULL-PACKAGE-NAME VERSION"
| #define PACKAGE_BUGREPORT "BUG-REPORT-ADDRESS"
| /* end confdefs.h.  */
| 
| int
| main ()
| {
| exit (42);
|   ;
|   return 0;
| }
configure:1790: g++ -c -g -O2  conftest.cc >&5
configure:1796: $? = 0
configure:1799: test -z 			 || test ! -s conftest.err
configure:1802: $? = 0
configure:1805: test -s conftest.o
configure:1808: $? = 0
configure:1834: g++ -c -g -O2  conftest.cc >&5
configure:1840: $? = 0
configure:1843: test -z 			 || test ! -s conftest.err
configure:1846: $? = 0
configure:1849: test -s conftest.o
configure:1852: $? = 0
configure:1926: checking for g77
configure:1955: result: no
configure:1926: checking for f77
configure:1942: found /usr/bin/f77
configure:1952: result: f77
configure:1967: checking for Fortran 77 compiler version
configure:1970: f77 --version </dev/null >&5
GNU Fortran (Ubuntu 7.3.0-16ubuntu3) 7.3.0
Copyright (C) 2017 Free Software Foundation, Inc.
This is free software; see the source for copying conditions.  There is NO
warranty; not even for MERCHANTABILITY or FITNESS FOR A PARTICULAR PURPOSE.

configure:1973: $? = 0
configure:1975: f77 -v </dev/null >&5
Using built-in specs.
COLLECT_GCC=f77
COLLECT_LTO_WRAPPER=/usr/lib/gcc/x86_64-linux-gnu/7/lto-wrapper
OFFLOAD_TARGET_NAMES=nvptx-none
OFFLOAD_TARGET_DEFAULT=1
Target: x86_64-linux-gnu
Configured with: ../src/configure -v --with-pkgversion='Ubuntu 7.3.0-16ubuntu3' --with-bugurl=file:///usr/share/doc/gcc-7/README.Bugs --enable-languages=c,ada,c++,go,brig,d,fortran,objc,obj-c++ --prefix=/usr --with-gcc-major-version-only --with-as=/usr/bin/x86_64-linux-gnu-as --with-ld=/usr/bin/x86_64-linux-gnu-ld --program-suffix=-7 --program-prefix=x86_64-linux-gnu- --enable-shared --enable-linker-build-id --libexecdir=/usr/lib --without-included-gettext --enable-threads=posix --libdir=/usr/lib --enable-nls --with-sysroot=/ --enable-clocale=gnu --enable-libstdcxx-debug --enable-libstdcxx-time=yes --with-default-libstdcxx-abi=new --enable-gnu-unique-object --disable-vtable-verify --enable-libmpx --enable-plugin --enable-default-pie --with-system-zlib --with-target-system-zlib --enable-objc-gc=auto --enable-multiarch --disable-werror --with-arch-32=i686 --with-abi=m64 --with-multilib-list=m32,m64,mx32 --enable-multilib --with-tune=generic --enable-offload-targets=nvptx-none --without-cuda-driver --enable-checking=release --build=x86_64-linux-gnu --host=x86_64-linux-gnu --target=x86_64-linux-gnu
Thread model: posix
gcc version 7.3.0 (Ubuntu 7.3.0-16ubuntu3) 
configure:1978: $? = 0
configure:1980: f77 -V </dev/null >&5
f77: error: unrecognized command line option '-V'
f77: fatal error: no input files
compilation terminated.
configure:1983: $? = 1
configure:1991: checking whether we are using the GNU Fortran 77 compiler
configure:2005: f77 -c  conftest.F >&5
configure:2011: $? = 0
configure:2014: test -z 			 || test ! -s conftest.err
configure:2017: $? = 0
configure:2020: test -s conftest.o
configure:2023: $? = 0
configure:2036: result: yes
configure:2042: checking whether f77 accepts -g
configure:2054: f77 -c -g conftest.f >&5
configure:2060: $? = 0
configure:2063: test -z 			 || test ! -s conftest.err
configure:2066: $? = 0
configure:2069: test -s conftest.o
configure:2072: $? = 0
configure:2084: result: yes
configure:2111: checking for mex
configure:2127: found /usr/local/bin/mex
configure:2137: result: mex
configure:2193: checking for gcc
configure:2209: found /usr/bin/gcc
configure:2219: result: gcc
configure:2463: checking for C compiler version
configure:2466: gcc --version </dev/null >&5
gcc (Ubuntu 7.3.0-16ubuntu3) 7.3.0
Copyright (C) 2017 Free Software Foundation, Inc.
This is free software; see the source for copying conditions.  There is NO
warranty; not even for MERCHANTABILITY or FITNESS FOR A PARTICULAR PURPOSE.

configure:2469: $? = 0
configure:2471: gcc -v </dev/null >&5
Using built-in specs.
COLLECT_GCC=gcc
COLLECT_LTO_WRAPPER=/usr/lib/gcc/x86_64-linux-gnu/7/lto-wrapper
OFFLOAD_TARGET_NAMES=nvptx-none
OFFLOAD_TARGET_DEFAULT=1
Target: x86_64-linux-gnu
Configured with: ../src/configure -v --with-pkgversion='Ubuntu 7.3.0-16ubuntu3' --with-bugurl=file:///usr/share/doc/gcc-7/README.Bugs --enable-languages=c,ada,c++,go,brig,d,fortran,objc,obj-c++ --prefix=/usr --with-gcc-major-version-only --with-as=/usr/bin/x86_64-linux-gnu-as --with-ld=/usr/bin/x86_64-linux-gnu-ld --program-suffix=-7 --program-prefix=x86_64-linux-gnu- --enable-shared --enable-linker-build-id --libexecdir=/usr/lib --without-included-gettext --enable-threads=posix --libdir=/usr/lib --enable-nls --with-sysroot=/ --enable-clocale=gnu --enable-libstdcxx-debug --enable-libstdcxx-time=yes --with-default-libstdcxx-abi=new --enable-gnu-unique-object --disable-vtable-verify --enable-libmpx --enable-plugin --enable-default-pie --with-system-zlib --with-target-system-zlib --enable-objc-gc=auto --enable-multiarch --disable-werror --with-arch-32=i686 --with-abi=m64 --with-multilib-list=m32,m64,mx32 --enable-multilib --with-tune=generic --enable-offload-targets=nvptx-none --without-cuda-driver --enable-checking=release --build=x86_64-linux-gnu --host=x86_64-linux-gnu --target=x86_64-linux-gnu
Thread model: posix
gcc version 7.3.0 (Ubuntu 7.3.0-16ubuntu3) 
configure:2474: $? = 0
configure:2476: gcc -V </dev/null >&5
gcc: error: unrecognized command line option '-V'
gcc: fatal error: no input files
compilation terminated.
configure:2479: $? = 1
configure:2482: checking whether we are using the GNU C compiler
configure:2506: gcc -c   conftest.c >&5
configure:2512: $? = 0
configure:2515: test -z 			 || test ! -s conftest.err
configure:2518: $? = 0
configure:2521: test -s conftest.o
configure:2524: $? = 0
configure:2537: result: yes
configure:2543: checking whether gcc accepts -g
configure:2564: gcc -c -g  conftest.c >&5
configure:2570: $? = 0
configure:2573: test -z 			 || test ! -s conftest.err
configure:2576: $? = 0
configure:2579: test -s conftest.o
configure:2582: $? = 0
configure:2593: result: yes
configure:2610: checking for gcc option to accept ANSI C
configure:2680: gcc  -c -g -O2  conftest.c >&5
configure:2686: $? = 0
configure:2689: test -z 			 || test ! -s conftest.err
configure:2692: $? = 0
configure:2695: test -s conftest.o
configure:2698: $? = 0
configure:2716: result: none needed
configure:2734: gcc -c -g -O2  conftest.c >&5
conftest.c:2:3: error: unknown type name 'choke'
   choke me
   ^~~~~
conftest.c:2:3: error: expected '=', ',', ';', 'asm' or '__attribute__' at end of input
configure:2740: $? = 1
configure: failed program was:
| #ifndef __cplusplus
|   choke me
| #endif
configure:2872: checking for main in -lblas
configure:2896: gcc -o conftest -g -O2   conftest.c -lblas   >&5
/usr/bin/x86_64-linux-gnu-ld: cannot find -lblas
collect2: error: ld returned 1 exit status
configure:2902: $? = 1
configure: failed program was:
| /* confdefs.h.  */
| 
| #define PACKAGE_NAME "FULL-PACKAGE-NAME"
| #define PACKAGE_TARNAME "full-package-name"
| #define PACKAGE_VERSION "VERSION"
| #define PACKAGE_STRING "FULL-PACKAGE-NAME VERSION"
| #define PACKAGE_BUGREPORT "BUG-REPORT-ADDRESS"
| #ifdef __cplusplus
| extern "C" void std::exit (int) throw (); using std::exit;
| #endif
| /* end confdefs.h.  */
| 
| 
| int
| main ()
| {
| main ();
|   ;
|   return 0;
| }
configure:2927: result: no
configure:2940: checking for main in -lf2c
configure:2964: gcc -o conftest -g -O2   conftest.c -lf2c   >&5
/usr/bin/x86_64-linux-gnu-ld: cannot find -lf2c
collect2: error: ld returned 1 exit status
configure:2970: $? = 1
configure: failed program was:
| /* confdefs.h.  */
| 
| #define PACKAGE_NAME "FULL-PACKAGE-NAME"
| #define PACKAGE_TARNAME "full-package-name"
| #define PACKAGE_VERSION "VERSION"
| #define PACKAGE_STRING "FULL-PACKAGE-NAME VERSION"
| #define PACKAGE_BUGREPORT "BUG-REPORT-ADDRESS"
| #ifdef __cplusplus
| extern "C" void std::exit (int) throw (); using std::exit;
| #endif
| /* end confdefs.h.  */
| 
| 
| int
| main ()
| {
| main ();
|   ;
|   return 0;
| }
configure:2995: result: no
configure:3008: checking for main in -lginac
configure:3032: gcc -o conftest -g -O2   conftest.c -lginac   >&5
/usr/bin/x86_64-linux-gnu-ld: cannot find -lginac
collect2: error: ld returned 1 exit status
configure:3038: $? = 1
configure: failed program was:
| /* confdefs.h.  */
| 
| #define PACKAGE_NAME "FULL-PACKAGE-NAME"
| #define PACKAGE_TARNAME "full-package-name"
| #define PACKAGE_VERSION "VERSION"
| #define PACKAGE_STRING "FULL-PACKAGE-NAME VERSION"
| #define PACKAGE_BUGREPORT "BUG-REPORT-ADDRESS"
| #ifdef __cplusplus
| extern "C" void std::exit (int) throw (); using std::exit;
| #endif
| /* end confdefs.h.  */
| 
| 
| int
| main ()
| {
| main ();
|   ;
|   return 0;
| }
configure:3063: result: no
configure:3081: checking how to run the C preprocessor
configure:3116: gcc -E  conftest.c
configure:3122: $? = 0
configure:3154: gcc -E  conftest.c
conftest.c:12:10: fatal error: ac_nonexistent.h: No such file or directory
 #include <ac_nonexistent.h>
          ^~~~~~~~~~~~~~~~~~
compilation terminated.
configure:3160: $? = 1
configure: failed program was:
| /* confdefs.h.  */
| 
| #define PACKAGE_NAME "FULL-PACKAGE-NAME"
| #define PACKAGE_TARNAME "full-package-name"
| #define PACKAGE_VERSION "VERSION"
| #define PACKAGE_STRING "FULL-PACKAGE-NAME VERSION"
| #define PACKAGE_BUGREPORT "BUG-REPORT-ADDRESS"
| #ifdef __cplusplus
| extern "C" void std::exit (int) throw (); using std::exit;
| #endif
| /* end confdefs.h.  */
| #include <ac_nonexistent.h>
configure:3199: result: gcc -E
configure:3223: gcc -E  conftest.c
configure:3229: $? = 0
configure:3261: gcc -E  conftest.c
conftest.c:12:10: fatal error: ac_nonexistent.h: No such file or directory
 #include <ac_nonexistent.h>
          ^~~~~~~~~~~~~~~~~~
compilation terminated.
configure:3267: $? = 1
configure: failed program was:
| /* confdefs.h.  */
| 
| #define PACKAGE_NAME "FULL-PACKAGE-NAME"
| #define PACKAGE_TARNAME "full-package-name"
| #define PACKAGE_VERSION "VERSION"
| #define PACKAGE_STRING "FULL-PACKAGE-NAME VERSION"
| #define PACKAGE_BUGREPORT "BUG-REPORT-ADDRESS"
| #ifdef __cplusplus
| extern "C" void std::exit (int) throw (); using std::exit;
| #endif
| /* end confdefs.h.  */
| #include <ac_nonexistent.h>
configure:3311: checking for egrep
configure:3321: result: grep -E
configure:3326: checking for ANSI C header files
configure:3351: gcc -c -g -O2  conftest.c >&5
configure:3357: $? = 0
configure:3360: test -z 			 || test ! -s conftest.err
configure:3363: $? = 0
configure:3366: test -s conftest.o
configure:3369: $? = 0
configure:3458: gcc -o conftest -g -O2   conftest.c  >&5
conftest.c: In function 'main':
conftest.c:29:7: warning: implicit declaration of function 'exit' [-Wimplicit-function-declaration]
       exit(2);
       ^~~~
conftest.c:29:7: warning: incompatible implicit declaration of built-in function 'exit'
conftest.c:29:7: note: include '<stdlib.h>' or provide a declaration of 'exit'
conftest.c:30:3: warning: incompatible implicit declaration of built-in function 'exit'
   exit (0);
   ^~~~
conftest.c:30:3: note: include '<stdlib.h>' or provide a declaration of 'exit'
configure:3461: $? = 0
configure:3463: ./conftest
configure:3466: $? = 0
configure:3481: result: yes
configure:3505: checking for sys/types.h
configure:3521: gcc -c -g -O2  conftest.c >&5
configure:3527: $? = 0
configure:3530: test -z 			 || test ! -s conftest.err
configure:3533: $? = 0
configure:3536: test -s conftest.o
configure:3539: $? = 0
configure:3550: result: yes
configure:3505: checking for sys/stat.h
configure:3521: gcc -c -g -O2  conftest.c >&5
configure:3527: $? = 0
configure:3530: test -z 			 || test ! -s conftest.err
configure:3533: $? = 0
configure:3536: test -s conftest.o
configure:3539: $? = 0
configure:3550: result: yes
configure:3505: checking for stdlib.h
configure:3521: gcc -c -g -O2  conftest.c >&5
configure:3527: $? = 0
configure:3530: test -z 			 || test ! -s conftest.err
configure:3533: $? = 0
configure:3536: test -s conftest.o
configure:3539: $? = 0
configure:3550: result: yes
configure:3505: checking for string.h
configure:3521: gcc -c -g -O2  conftest.c >&5
configure:3527: $? = 0
configure:3530: test -z 			 || test ! -s conftest.err
configure:3533: $? = 0
configure:3536: test -s conftest.o
configure:3539: $? = 0
configure:3550: result: yes
configure:3505: checking for memory.h
configure:3521: gcc -c -g -O2  conftest.c >&5
configure:3527: $? = 0
configure:3530: test -z 			 || test ! -s conftest.err
configure:3533: $? = 0
configure:3536: test -s conftest.o
configure:3539: $? = 0
configure:3550: result: yes
configure:3505: checking for strings.h
configure:3521: gcc -c -g -O2  conftest.c >&5
configure:3527: $? = 0
configure:3530: test -z 			 || test ! -s conftest.err
configure:3533: $? = 0
configure:3536: test -s conftest.o
configure:3539: $? = 0
configure:3550: result: yes
configure:3505: checking for inttypes.h
configure:3521: gcc -c -g -O2  conftest.c >&5
configure:3527: $? = 0
configure:3530: test -z 			 || test ! -s conftest.err
configure:3533: $? = 0
configure:3536: test -s conftest.o
configure:3539: $? = 0
configure:3550: result: yes
configure:3505: checking for stdint.h
configure:3521: gcc -c -g -O2  conftest.c >&5
configure:3527: $? = 0
configure:3530: test -z 			 || test ! -s conftest.err
configure:3533: $? = 0
configure:3536: test -s conftest.o
configure:3539: $? = 0
configure:3550: result: yes
configure:3505: checking for unistd.h
configure:3521: gcc -c -g -O2  conftest.c >&5
configure:3527: $? = 0
configure:3530: test -z 			 || test ! -s conftest.err
configure:3533: $? = 0
configure:3536: test -s conftest.o
configure:3539: $? = 0
configure:3550: result: yes
configure:3578: checking stddef.h usability
configure:3590: gcc -c -g -O2  conftest.c >&5
configure:3596: $? = 0
configure:3599: test -z 			 || test ! -s conftest.err
configure:3602: $? = 0
configure:3605: test -s conftest.o
configure:3608: $? = 0
configure:3618: result: yes
configure:3622: checking stddef.h presence
configure:3632: gcc -E  conftest.c
configure:3638: $? = 0
configure:3658: result: yes
configure:3693: checking for stddef.h
configure:3700: result: yes
configure:3569: checking for stdlib.h
configure:3574: result: yes
configure:3569: checking for string.h
configure:3574: result: yes
configure:3861: creating ./config.status

## ---------------------- ##
## Running config.status. ##
## ---------------------- ##

This file was extended by FULL-PACKAGE-NAME config.status VERSION, which was
generated by GNU Autoconf 2.59.  Invocation command line was

  CONFIG_FILES    = 
  CONFIG_HEADERS  = 
  CONFIG_LINKS    = 
  CONFIG_COMMANDS = 
  $ ./config.status 

on celine

config.status:680: creating makefile
config.status:680: creating model2diffit

## ---------------- ##
## Cache variables. ##
## ---------------- ##

ac_cv_c_compiler_gnu=yes
ac_cv_cxx_compiler_gnu=yes
ac_cv_env_CC_set=
ac_cv_env_CC_value=
ac_cv_env_CFLAGS_set=
ac_cv_env_CFLAGS_value=
ac_cv_env_CPPFLAGS_set=
ac_cv_env_CPPFLAGS_value=
ac_cv_env_CPP_set=
ac_cv_env_CPP_value=
ac_cv_env_CXXFLAGS_set=
ac_cv_env_CXXFLAGS_value=
ac_cv_env_CXX_set=
ac_cv_env_CXX_value=
ac_cv_env_F77_set=
ac_cv_env_F77_value=
ac_cv_env_FFLAGS_set=
ac_cv_env_FFLAGS_value=
ac_cv_env_LDFLAGS_set=
ac_cv_env_LDFLAGS_value=
ac_cv_env_build_alias_set=
ac_cv_env_build_alias_value=
ac_cv_env_host_alias_set=
ac_cv_env_host_alias_value=
ac_cv_env_target_alias_set=
ac_cv_env_target_alias_value=
ac_cv_exeext=
ac_cv_f77_compiler_gnu=yes
ac_cv_header_inttypes_h=yes
ac_cv_header_memory_h=yes
ac_cv_header_stdc=yes
ac_cv_header_stddef_h=yes
ac_cv_header_stdint_h=yes
ac_cv_header_stdlib_h=yes
ac_cv_header_string_h=yes
ac_cv_header_strings_h=yes
ac_cv_header_sys_stat_h=yes
ac_cv_header_sys_types_h=yes
ac_cv_header_unistd_h=yes
ac_cv_lib_blas_main=no
ac_cv_lib_f2c_main=no
ac_cv_lib_ginac_main=no
ac_cv_objext=o
ac_cv_prog_CPP='gcc -E'
ac_cv_prog_MEX=mex
ac_cv_prog_ac_ct_CC=gcc
ac_cv_prog_ac_ct_CXX=g++
ac_cv_prog_ac_ct_F77=f77
ac_cv_prog_cc_g=yes
ac_cv_prog_cc_stdc=
ac_cv_prog_cxx_g=yes
ac_cv_prog_egrep='grep -E'
ac_cv_prog_f77_g=yes

## ----------------- ##
## Output variables. ##
## ----------------- ##

CC='gcc'
CFLAGS='-g -O2'
CPP='gcc -E'
CPPFLAGS=''
CXX='g++'
CXXFLAGS='-g -O2'
DEFS='-DPACKAGE_NAME=\"FULL-PACKAGE-NAME\" -DPACKAGE_TARNAME=\"full-package-name\" -DPACKAGE_VERSION=\"VERSION\" -DPACKAGE_STRING=\"FULL-PACKAGE-NAME\ VERSION\" -DPACKAGE_BUGREPORT=\"BUG-REPORT-ADDRESS\" -DSTDC_HEADERS=1 -DHAVE_SYS_TYPES_H=1 -DHAVE_SYS_STAT_H=1 -DHAVE_STDLIB_H=1 -DHAVE_STRING_H=1 -DHAVE_MEMORY_H=1 -DHAVE_STRINGS_H=1 -DHAVE_INTTYPES_H=1 -DHAVE_STDINT_H=1 -DHAVE_UNISTD_H=1 -DHAVE_STDDEF_H=1 -DHAVE_STDLIB_H=1 -DHAVE_STRING_H=1 '
ECHO_C=''
ECHO_N='-n'
ECHO_T=''
EGREP='grep -E'
EXEEXT=''
F77='f77'
FFLAGS='-g -O2'
LDFLAGS=''
LIBOBJS=''
LIBS=''
LTLIBOBJS=''
MEX='mex'
OBJEXT='o'
PACKAGE_BUGREPORT='BUG-REPORT-ADDRESS'
PACKAGE_NAME='FULL-PACKAGE-NAME'
PACKAGE_STRING='FULL-PACKAGE-NAME VERSION'
PACKAGE_TARNAME='full-package-name'
PACKAGE_VERSION='VERSION'
PATH_SEPARATOR=':'
SHELL='/bin/bash'
ac_ct_CC='gcc'
ac_ct_CXX='g++'
ac_ct_F77='f77'
bindir='${exec_prefix}/bin'
build_alias=''
datadir='${prefix}/share'
exec_prefix='${prefix}'
host_alias=''
includedir='${prefix}/include'
infodir='${prefix}/info'
libdir='${exec_prefix}/lib'
libexecdir='${exec_prefix}/libexec'
localstatedir='${prefix}/var'
mandir='${prefix}/man'
oldincludedir='/usr/include'
prefix='/usr/local'
program_transform_name='s,x,x,'
sbindir='${exec_prefix}/sbin'
sharedstatedir='${prefix}/com'
sysconfdir='${prefix}/etc'
target_alias=''

## ----------- ##
## confdefs.h. ##
## ----------- ##

#define HAVE_INTTYPES_H 1
#define HAVE_MEMORY_H 1
#define HAVE_STDDEF_H 1
#define HAVE_STDINT_H 1
#define HAVE_STDLIB_H 1
#define HAVE_STDLIB_H 1
#define HAVE_STRINGS_H 1
#define HAVE_STRING_H 1
#define HAVE_STRING_H 1
#define HAVE_SYS_STAT_H 1
#define HAVE_SYS_TYPES_H 1
#define HAVE_UNISTD_H 1
#define PACKAGE_BUGREPORT "BUG-REPORT-ADDRESS"
#define PACKAGE_NAME "FULL-PACKAGE-NAME"
#define PACKAGE_STRING "FULL-PACKAGE-NAME VERSION"
#define PACKAGE_TARNAME "full-package-name"
#define PACKAGE_VERSION "VERSION"
#define STDC_HEADERS 1
#endif
#ifdef __cplusplus
extern "C" void std::exit (int) throw (); using std::exit;

configure: exit 0
